Start testing: Mar 25 16:49 CET
----------------------------------------------------------
1/1 Testing: test1
1/1 Test: test1
Command: "/home/mozgawamar/Documents/cplusplus/test_fizzbuzz/FizzBuzz/build/unit_tests"
Directory: /home/mozgawamar/Documents/cplusplus/test_fizzbuzz/FizzBuzz/build
"test1" start time: Mar 25 16:49 CET
Output:
----------------------------------------------------------
Running 8 test cases...

*** No errors detected
<end of output>
Test time =   0.01 sec
----------------------------------------------------------
Test Passed.
"test1" end time: Mar 25 16:49 CET
"test1" time elapsed: 00:00:00
----------------------------------------------------------

End testing: Mar 25 16:49 CET
